{
  "stats": {
    "suites": 1,
    "tests": 2,
    "passes": 2,
    "pending": 0,
    "failures": 0,
    "start": "2025-08-02T04:03:33.443Z",
    "end": "2025-08-02T04:03:44.861Z",
    "duration": 11418,
    "testsRegistered": 2,
    "passPercent": 100,
    "pendingPercent": 0,
    "other": 0,
    "hasOther": false,
    "skipped": 0,
    "hasSkipped": false
  },
  "results": [
    {
      "uuid": "4e3d6bc3-c1ce-484c-92e0-9d19cd41ea50",
      "title": "",
      "fullFile": "C:\\Users\\ASUS VIVOBOOK\\Downloads\\Tugas Sesi09\\test\\sesi-9\\test_sesi9.js",
      "file": "\\test\\sesi-9\\test_sesi9.js",
      "beforeHooks": [],
      "afterHooks": [],
      "tests": [],
      "suites": [
        {
          "uuid": "d58499fd-8680-4aa1-afa0-d5f44b784fac",
          "title": "Google Search Test",
          "fullFile": "C:\\Users\\ASUS VIVOBOOK\\Downloads\\Tugas Sesi09\\test\\sesi-9\\test_sesi9.js",
          "file": "\\test\\sesi-9\\test_sesi9.js",
          "beforeHooks": [],
          "afterHooks": [],
          "tests": [
            {
              "title": "Test SauceDemo login success",
              "fullTitle": "Google Search Test Test SauceDemo login success",
              "timedOut": false,
              "duration": 5599,
              "state": "passed",
              "speed": "slow",
              "pass": true,
              "fail": false,
              "pending": false,
              "context": null,
              "code": "options = new chrome.Options();\noptions.addArguments('--incognito'); // option ke chrome supaya gaada popup password nya\ndriver = await new Builder()\n    .forBrowser('chrome')\n    .setChromeOptions(options)\n    .build();\nawait driver.get('https://www.saucedemo.com');\nconst title = await driver.getTitle();\n// assert: memastikan object sama persis\nassert.strictEqual(title, 'Swag Labs');\n// inputs\nlet inputUsername = await driver.findElement(By.css('[data-test=\"username\"]'))\nlet inputPassword = await driver.findElement(By.xpath('//*[@data-test=\"password\"]'))\nlet buttonLogin = await driver.findElement(By.className('submit-button btn_action'))\nawait inputUsername.sendKeys('standard_user')\nawait inputPassword.sendKeys('secret_sauce')\nawait buttonLogin.click()\n\nawait driver.sleep(2000);\n\nawait driver.quit();",
              "err": {},
              "uuid": "32e7578d-0722-47fe-83b9-6c00ddc95b25",
              "parentUUID": "d58499fd-8680-4aa1-afa0-d5f44b784fac",
              "isHook": false,
              "skipped": false
            },
            {
              "title": "Test SauceDemo -> login success -> change a-z to high to low",
              "fullTitle": "Google Search Test Test SauceDemo -> login success -> change a-z to high to low",
              "timedOut": false,
              "duration": 5807,
              "state": "passed",
              "speed": "slow",
              "pass": true,
              "fail": false,
              "pending": false,
              "context": null,
              "code": "options = new chrome.Options();\noptions.addArguments('--incognito'); // option ke chrome supaya gaada popup password nya\ndriver = await new Builder()\n    .forBrowser('chrome')\n    .setChromeOptions(options)\n    .build();\nawait driver.get('https://www.saucedemo.com');\nconst title = await driver.getTitle();\n// assert: memastikan object sama persis\nassert.strictEqual(title, 'Swag Labs');\n// inputs\nlet inputUsername = await driver.findElement(By.css('[data-test=\"username\"]'))\nlet inputPassword = await driver.findElement(By.xpath('//*[@data-test=\"password\"]'))\nlet buttonLogin = await driver.findElement(By.className('submit-button btn_action'))\nawait inputUsername.sendKeys('standard_user')\nawait inputPassword.sendKeys('secret_sauce')\nawait buttonLogin.click()\n\n// tunggu element tampil\nlet buttonCart = await driver.wait(\n    until.elementLocated(By.xpath('//*[@data-test=\"shopping-cart-link\"]')), \n    10000\n);\nawait driver.wait(until.elementIsVisible(buttonCart), 5000, 'Shopping cart harus tampil');\n\n// assert: elememt ada\nawait buttonCart.isDisplayed()\n// assert: text dalam element benar\nlet textAppLogo = await driver.findElement(By.className('app_logo'))\nlet logotext = await textAppLogo.getText()\nassert.equal(logotext, 'Swag Labs')\n// await driver.sleep(1700)\n// dropdown search\nlet dropdownSort = await driver.findElement(By.xpath('//*[@data-test=\"product-sort-container\"]'));\nawait dropdownSort.click()     \n// az = dari a ke z\n// za = dari z ke a\n// lohi = dari harga rendah ke tinggi\n// hilo = dari harga tinggi ke rendah  \nlet option = await driver.findElement(By.xpath('//*[@value=\"lohi\"]'));\nawait option.click();\n\n// jeda sebelum quitting driver\nawait driver.sleep(2000);\n\nawait driver.quit();",
              "err": {},
              "uuid": "30832022-1190-45dd-ac66-24b0e05ce6e7",
              "parentUUID": "d58499fd-8680-4aa1-afa0-d5f44b784fac",
              "isHook": false,
              "skipped": false
            }
          ],
          "suites": [],
          "passes": [
            "32e7578d-0722-47fe-83b9-6c00ddc95b25",
            "30832022-1190-45dd-ac66-24b0e05ce6e7"
          ],
          "failures": [],
          "pending": [],
          "skipped": [],
          "duration": 11406,
          "root": false,
          "rootEmpty": false,
          "_timeout": 60000
        }
      ],
      "passes": [],
      "failures": [],
      "pending": [],
      "skipped": [],
      "duration": 0,
      "root": true,
      "rootEmpty": true,
      "_timeout": 60000
    }
  ],
  "meta": {
    "mocha": {
      "version": "10.8.2"
    },
    "mochawesome": {
      "options": {
        "quiet": false,
        "reportFilename": "mochawesome",
        "saveHtml": true,
        "saveJson": true,
        "consoleReporter": "spec",
        "useInlineDiffs": false,
        "code": true
      },
      "version": "7.1.3"
    },
    "marge": {
      "options": null,
      "version": "6.2.0"
    }
  }
}